commit 18f291547b66836783fcf6dcc9fd3e1cd4c51657
Author: senyyds12345 <1494621359@qq.com>
Date:   Wed Feb 18 14:13:03 2026 +0800

    update repo

 data/data/com.termux/files/usr/addon/SQL/addon.db | Bin 20480 -> 28672 bytes
 1 file changed, 0 insertions(+), 0 deletions(-)

commit dbb8c68e8b4a7e33e93b0d2c30555490657627bc
Author: senyyds12345 <1494621359@qq.com>
Date:   Wed Feb 18 13:29:07 2026 +0800

    update repo

 DEBIAN/control                                     |  16 +-
 data/data/com.termux/files/usr/addon/SQL/addon.db  | Bin 0 -> 20480 bytes
 data/data/com.termux/files/usr/addon/ai/ai.pyc     | Bin 0 -> 3344 bytes
 data/data/com.termux/files/usr/bin/addon           | 315 +++++++++++++++++++++
 data/data/com.termux/files/usr/bin/nbt             |  81 ------
 data/data/com.termux/files/usr/bin/nbtc            |  45 ---
 data/data/com.termux/files/usr/glibc/lib/libnbt.a  | Bin 8130 -> 0 bytes
 data/data/com.termux/files/usr/glibc/lib/libnbt.so | Bin 72344 -> 0 bytes
 data/data/com.termux/files/usr/include/nbt.h       |  20 --
 data/data/com.termux/files/usr/lib/libnbt.a        | Bin 8130 -> 0 bytes
 data/data/com.termux/files/usr/lib/libnbt.so       | Bin 72344 -> 0 bytes
 11 files changed, 323 insertions(+), 154 deletions(-)

commit 4347f8abe004a622ab10acf325935863c9361b93
Author: senyyds12345 <1494621359@qq.com>
Date:   Wed Feb 18 13:27:54 2026 +0800

    update repo

 DEBIAN/control                                     |  16 +-
 data/data/com.termux/files/usr/bin/addon           | 299 ---------------------
 data/data/com.termux/files/usr/bin/nbt             |  81 ++++++
 data/data/com.termux/files/usr/bin/nbtc            |  45 ++++
 data/data/com.termux/files/usr/glibc/lib/libnbt.a  | Bin 0 -> 8130 bytes
 data/data/com.termux/files/usr/glibc/lib/libnbt.so | Bin 0 -> 72344 bytes
 data/data/com.termux/files/usr/include/nbt.h       |  20 ++
 data/data/com.termux/files/usr/lib/libnbt.a        | Bin 0 -> 8130 bytes
 data/data/com.termux/files/usr/lib/libnbt.so       | Bin 0 -> 72344 bytes
 9 files changed, 154 insertions(+), 307 deletions(-)

commit c2fad7d174ea6985667c195963fc95fd9a03ee3f
Author: senyyds12345 <1494621359@qq.com>
Date:   Mon Feb 16 23:29:42 2026 +0800

    添加文件/文件夹

 DEBIAN/control | 2 +-
 1 file changed, 1 insertion(+), 1 deletion(-)

commit 74d28175ad574fce01a0716fffdb4470f21ea4cb
Author: senyyds12345 <senyyds12345@example.com>
Date:   Mon Feb 16 22:18:27 2026 +0800

    update README.txt

 README.md    | 2 +-
 README_ZH.md | 2 +-
 2 files changed, 2 insertions(+), 2 deletions(-)

commit 758ca6fce3eea8b1b2db171408fd327434157354
Author: senyyds12345 <senyyds12345@example.com>
Date:   Mon Feb 16 21:52:42 2026 +0800

    update script file

 data/data/com.termux/files/usr/bin/addon | 307 +++++++++++++++++++++++--------
 1 file changed, 230 insertions(+), 77 deletions(-)

commit 95f628420d8f3f9785c9b2c331a288c7681bf99b
Author: senyyds12345 <1494621359@qq.com>
Date:   Sat Oct 11 19:39:23 2025 +0800

    Create README_ZH.md

 README_ZH.md | 18 ++++++++++++++++++
 1 file changed, 18 insertions(+)

commit 55cb3ba342c9edd79bc90939503affcd96214c9c
Author: senyyds12345 <1494621359@qq.com>
Date:   Sat Oct 11 19:38:34 2025 +0800

    Delete README_ZH

 README_ZH | 18 ------------------
 1 file changed, 18 deletions(-)

commit b8daa264989c2e1e3199abac1c19c18373139b9b
Author: senyyds12345 <1494621359@qq.com>
Date:   Sat Oct 11 19:35:54 2025 +0800

    Create README_ZH

 README_ZH | 18 ++++++++++++++++++
 1 file changed, 18 insertions(+)

commit 96aa3507fb49992d4ff52eedfed658996916ff5d
Author: senyyds12345 <1494621359@qq.com>
Date:   Sat Oct 11 19:30:45 2025 +0800

    Update README.md

 README.md | 1 +
 1 file changed, 1 insertion(+)

commit a95ed32f0c8775a2f740d405faba12b9bce027ac
Author: senyyds12345 <1494621359@qq.com>
Date:   Sat Oct 11 19:19:30 2025 +0800

    Update README.md

 README.md | 4 ++++
 1 file changed, 4 insertions(+)

commit 493f314a12bb11a9e5ff3c593ea72e1dbcf66a03
Author: senyyds12345 <1494621359@qq.com>
Date:   Sat Oct 11 19:16:13 2025 +0800

    Update README.md

 README.md | 12 ++++++++++++
 1 file changed, 12 insertions(+)

commit 997bcfdc4866b7037f700eac945ea70b452971bb
Author: senyyds12345 <1494621359@qq.com>
Date:   Sat Oct 11 19:10:29 2025 +0800

    Create control

 DEBIAN/control | 9 +++++++++
 1 file changed, 9 insertions(+)

commit a47839b569d6e9b4f090d22e1290f735c2d6f55b
Author: senyyds12345 <1494621359@qq.com>
Date:   Sat Oct 11 19:09:12 2025 +0800

    Create addon

 data/data/com.termux/files/usr/bin/addon | 146 +++++++++++++++++++++++++++++++
 1 file changed, 146 insertions(+)

commit 677b16f2deb932210e76b8f17340bd87347a9c18
Author: senyyds12345 <1494621359@qq.com>
Date:   Sat Oct 11 18:44:40 2025 +0800

    Initial commit

 LICENSE   | 21 +++++++++++++++++++++
 README.md |  2 ++
 2 files changed, 23 insertions(+)
